<?xml version="1.0" encoding="UTF-8"?>
<!-- Generated by org.testng.reporters.JUnitXMLReporter -->
<testsuite hostname="TL0020" ignored="0" name="Test" tests="3" failures="0" timestamp="2022-12-17T18:35:33 IST" time="53.095" errors="0">
  <testcase name="runLogin" time="1.0" classname="testcase.LoginTest"/>
  <testcase name="runCreateLead" time="23.645" classname="testcase.CreateLeadTest"/>
  <testcase name="runCreateLead" time="18.032" classname="testcase.CreateLeadTest"/>
</testsuite> <!-- Test -->
